[12-Jan-2022 15:31:41 UTC] PHP Parse error:  syntax error, unexpected 'version' (T_STRING) in C:\Users\filip\Local Sites\tension\app\public\wp-content\themes\tension\header.php on line 57
[12-Jan-2022 15:33:34 UTC] PHP Parse error:  syntax error, unexpected 'version' (T_STRING) in C:\Users\filip\Local Sites\tension\app\public\wp-content\themes\tension\header.php on line 84
[12-Jan-2022 15:33:35 UTC] PHP Parse error:  syntax error, unexpected 'version' (T_STRING) in C:\Users\filip\Local Sites\tension\app\public\wp-content\themes\tension\header.php on line 84
[12-Jan-2022 15:33:45 UTC] PHP Parse error:  syntax error, unexpected 'version' (T_STRING) in C:\Users\filip\Local Sites\tension\app\public\wp-content\themes\tension\footer.php on line 24
[12-Jan-2022 15:34:55 UTC] PHP Parse error:  syntax error, unexpected 'version' (T_STRING) in C:\Users\filip\Local Sites\tension\app\public\wp-content\themes\tension\footer.php on line 24
[12-Jan-2022 15:34:56 UTC] PHP Parse error:  syntax error, unexpected 'version' (T_STRING) in C:\Users\filip\Local Sites\tension\app\public\wp-content\themes\tension\footer.php on line 24
[12-Jan-2022 15:34:57 UTC] PHP Parse error:  syntax error, unexpected 'version' (T_STRING) in C:\Users\filip\Local Sites\tension\app\public\wp-content\themes\tension\footer.php on line 24
[12-Jan-2022 15:34:58 UTC] PHP Parse error:  syntax error, unexpected 'version' (T_STRING) in C:\Users\filip\Local Sites\tension\app\public\wp-content\themes\tension\footer.php on line 24
[12-Jan-2022 15:34:59 UTC] PHP Parse error:  syntax error, unexpected 'version' (T_STRING) in C:\Users\filip\Local Sites\tension\app\public\wp-content\themes\tension\footer.php on line 24
[12-Jan-2022 15:35:00 UTC] PHP Parse error:  syntax error, unexpected 'version' (T_STRING) in C:\Users\filip\Local Sites\tension\app\public\wp-content\themes\tension\footer.php on line 24
[12-Jan-2022 15:37:00 UTC] PHP Parse error:  syntax error, unexpected 'version' (T_STRING) in C:\Users\filip\Local Sites\tension\app\public\wp-content\themes\tension\footer.php on line 24
[12-Jan-2022 15:40:44 UTC] PHP Parse error:  syntax error, unexpected 'version' (T_STRING) in C:\Users\filip\Local Sites\tension\app\public\wp-content\themes\tension\footer.php on line 24
[12-Jan-2022 15:46:17 UTC] PHP Parse error:  syntax error, unexpected 'version' (T_STRING) in C:\Users\filip\Local Sites\tension\app\public\wp-content\themes\tension\footer.php on line 24
[12-Jan-2022 15:48:04 UTC] PHP Parse error:  syntax error, unexpected 'version' (T_STRING) in C:\Users\filip\Local Sites\tension\app\public\wp-content\themes\tension\footer.php on line 24
[12-Jan-2022 15:48:33 UTC] PHP Parse error:  syntax error, unexpected 'version' (T_STRING) in C:\Users\filip\Local Sites\tension\app\public\wp-content\themes\tension\footer.php on line 24
[12-Jan-2022 15:48:44 UTC] PHP Parse error:  syntax error, unexpected 'version' (T_STRING) in C:\Users\filip\Local Sites\tension\app\public\wp-content\themes\tension\footer.php on line 24
[12-Jan-2022 15:49:27 UTC] PHP Parse error:  syntax error, unexpected 'version' (T_STRING) in C:\Users\filip\Local Sites\tension\app\public\wp-content\themes\tension\footer.php on line 24
[12-Jan-2022 15:49:36 UTC] PHP Parse error:  syntax error, unexpected 'version' (T_STRING) in C:\Users\filip\Local Sites\tension\app\public\wp-content\themes\tension\footer.php on line 24
[12-Jan-2022 15:49:36 UTC] PHP Parse error:  syntax error, unexpected 'version' (T_STRING) in C:\Users\filip\Local Sites\tension\app\public\wp-content\themes\tension\footer.php on line 24
[12-Jan-2022 15:50:08 UTC] PHP Parse error:  syntax error, unexpected 'version' (T_STRING) in C:\Users\filip\Local Sites\tension\app\public\wp-content\themes\tension\footer.php on line 24
[12-Jan-2022 15:50:21 UTC] PHP Parse error:  syntax error, unexpected 'version' (T_STRING) in C:\Users\filip\Local Sites\tension\app\public\wp-content\themes\tension\footer.php on line 24
[12-Jan-2022 15:50:58 UTC] PHP Parse error:  syntax error, unexpected 'version' (T_STRING) in C:\Users\filip\Local Sites\tension\app\public\wp-content\themes\tension\footer.php on line 24
[12-Jan-2022 15:52:01 UTC] PHP Parse error:  syntax error, unexpected 'version' (T_STRING) in C:\Users\filip\Local Sites\tension\app\public\wp-content\themes\tension\footer.php on line 24
[12-Jan-2022 15:52:14 UTC] PHP Parse error:  syntax error, unexpected 'version' (T_STRING) in C:\Users\filip\Local Sites\tension\app\public\wp-content\themes\tension\footer.php on line 24
[12-Jan-2022 15:52:16 UTC] PHP Parse error:  syntax error, unexpected 'version' (T_STRING) in C:\Users\filip\Local Sites\tension\app\public\wp-content\themes\tension\footer.php on line 24
[12-Jan-2022 15:52:17 UTC] PHP Parse error:  syntax error, unexpected 'version' (T_STRING) in C:\Users\filip\Local Sites\tension\app\public\wp-content\themes\tension\footer.php on line 24
[12-Jan-2022 15:53:36 UTC] PHP Parse error:  syntax error, unexpected 'version' (T_STRING) in C:\Users\filip\Local Sites\tension\app\public\wp-content\themes\tension\footer.php on line 24
[12-Jan-2022 15:53:37 UTC] PHP Parse error:  syntax error, unexpected 'version' (T_STRING) in C:\Users\filip\Local Sites\tension\app\public\wp-content\themes\tension\footer.php on line 24
[12-Jan-2022 15:53:38 UTC] PHP Parse error:  syntax error, unexpected 'version' (T_STRING) in C:\Users\filip\Local Sites\tension\app\public\wp-content\themes\tension\footer.php on line 24
[12-Jan-2022 15:53:38 UTC] PHP Parse error:  syntax error, unexpected 'version' (T_STRING) in C:\Users\filip\Local Sites\tension\app\public\wp-content\themes\tension\footer.php on line 24
[12-Jan-2022 15:53:38 UTC] PHP Parse error:  syntax error, unexpected 'version' (T_STRING) in C:\Users\filip\Local Sites\tension\app\public\wp-content\themes\tension\footer.php on line 24
[12-Jan-2022 15:53:38 UTC] PHP Parse error:  syntax error, unexpected 'version' (T_STRING) in C:\Users\filip\Local Sites\tension\app\public\wp-content\themes\tension\footer.php on line 24
[12-Jan-2022 15:57:09 UTC] PHP Parse error:  syntax error, unexpected 'version' (T_STRING) in C:\Users\filip\Local Sites\tension\app\public\wp-content\themes\tension\footer.php on line 24
[12-Jan-2022 15:57:47 UTC] PHP Parse error:  syntax error, unexpected 'version' (T_STRING) in C:\Users\filip\Local Sites\tension\app\public\wp-content\themes\tension\footer.php on line 24
[12-Jan-2022 16:00:01 UTC] PHP Parse error:  syntax error, unexpected 'version' (T_STRING) in C:\Users\filip\Local Sites\tension\app\public\wp-content\themes\tension\footer.php on line 24
[12-Jan-2022 16:02:12 UTC] PHP Parse error:  syntax error, unexpected 'version' (T_STRING) in C:\Users\filip\Local Sites\tension\app\public\wp-content\themes\tension\footer.php on line 24
[12-Jan-2022 16:04:47 UTC] PHP Parse error:  syntax error, unexpected 'version' (T_STRING) in C:\Users\filip\Local Sites\tension\app\public\wp-content\themes\tension\footer.php on line 24
[12-Jan-2022 16:04:50 UTC] PHP Parse error:  syntax error, unexpected 'version' (T_STRING) in C:\Users\filip\Local Sites\tension\app\public\wp-content\themes\tension\footer.php on line 24
[12-Jan-2022 16:05:01 UTC] PHP Parse error:  syntax error, unexpected 'version' (T_STRING) in C:\Users\filip\Local Sites\tension\app\public\wp-content\themes\tension\footer.php on line 24
[12-Jan-2022 16:05:03 UTC] PHP Parse error:  syntax error, unexpected 'version' (T_STRING) in C:\Users\filip\Local Sites\tension\app\public\wp-content\themes\tension\footer.php on line 24
[12-Jan-2022 16:05:39 UTC] PHP Parse error:  syntax error, unexpected 'version' (T_STRING) in C:\Users\filip\Local Sites\tension\app\public\wp-content\themes\tension\footer.php on line 24
[12-Jan-2022 16:06:03 UTC] PHP Parse error:  syntax error, unexpected 'version' (T_STRING) in C:\Users\filip\Local Sites\tension\app\public\wp-content\themes\tension\footer.php on line 24
[12-Jan-2022 16:06:05 UTC] PHP Parse error:  syntax error, unexpected 'version' (T_STRING) in C:\Users\filip\Local Sites\tension\app\public\wp-content\themes\tension\footer.php on line 24
[12-Jan-2022 16:06:06 UTC] PHP Parse error:  syntax error, unexpected 'version' (T_STRING) in C:\Users\filip\Local Sites\tension\app\public\wp-content\themes\tension\footer.php on line 24
[12-Jan-2022 16:06:07 UTC] PHP Parse error:  syntax error, unexpected 'version' (T_STRING) in C:\Users\filip\Local Sites\tension\app\public\wp-content\themes\tension\footer.php on line 24
[12-Jan-2022 16:06:07 UTC] PHP Parse error:  syntax error, unexpected 'version' (T_STRING) in C:\Users\filip\Local Sites\tension\app\public\wp-content\themes\tension\footer.php on line 24
[12-Jan-2022 16:06:08 UTC] PHP Parse error:  syntax error, unexpected 'version' (T_STRING) in C:\Users\filip\Local Sites\tension\app\public\wp-content\themes\tension\footer.php on line 24
[12-Jan-2022 16:06:08 UTC] PHP Parse error:  syntax error, unexpected 'version' (T_STRING) in C:\Users\filip\Local Sites\tension\app\public\wp-content\themes\tension\footer.php on line 24
[12-Jan-2022 16:06:36 UTC] PHP Parse error:  syntax error, unexpected 'version' (T_STRING) in C:\Users\filip\Local Sites\tension\app\public\wp-content\themes\tension\footer.php on line 24
[12-Jan-2022 16:06:37 UTC] PHP Parse error:  syntax error, unexpected 'version' (T_STRING) in C:\Users\filip\Local Sites\tension\app\public\wp-content\themes\tension\footer.php on line 24
[12-Jan-2022 16:06:38 UTC] PHP Parse error:  syntax error, unexpected 'version' (T_STRING) in C:\Users\filip\Local Sites\tension\app\public\wp-content\themes\tension\footer.php on line 24
[12-Jan-2022 16:06:39 UTC] PHP Parse error:  syntax error, unexpected 'version' (T_STRING) in C:\Users\filip\Local Sites\tension\app\public\wp-content\themes\tension\footer.php on line 24
[12-Jan-2022 16:06:39 UTC] PHP Parse error:  syntax error, unexpected 'version' (T_STRING) in C:\Users\filip\Local Sites\tension\app\public\wp-content\themes\tension\footer.php on line 24
[12-Jan-2022 16:06:39 UTC] PHP Parse error:  syntax error, unexpected 'version' (T_STRING) in C:\Users\filip\Local Sites\tension\app\public\wp-content\themes\tension\footer.php on line 24
[12-Jan-2022 16:06:39 UTC] PHP Parse error:  syntax error, unexpected 'version' (T_STRING) in C:\Users\filip\Local Sites\tension\app\public\wp-content\themes\tension\footer.php on line 24
[12-Jan-2022 16:06:40 UTC] PHP Parse error:  syntax error, unexpected 'version' (T_STRING) in C:\Users\filip\Local Sites\tension\app\public\wp-content\themes\tension\footer.php on line 24
[12-Jan-2022 16:06:52 UTC] PHP Parse error:  syntax error, unexpected 'version' (T_STRING) in C:\Users\filip\Local Sites\tension\app\public\wp-content\themes\tension\footer.php on line 24
[12-Jan-2022 16:06:53 UTC] PHP Parse error:  syntax error, unexpected 'version' (T_STRING) in C:\Users\filip\Local Sites\tension\app\public\wp-content\themes\tension\footer.php on line 24
[12-Jan-2022 16:06:53 UTC] PHP Parse error:  syntax error, unexpected 'version' (T_STRING) in C:\Users\filip\Local Sites\tension\app\public\wp-content\themes\tension\footer.php on line 24
[12-Jan-2022 16:06:53 UTC] PHP Parse error:  syntax error, unexpected 'version' (T_STRING) in C:\Users\filip\Local Sites\tension\app\public\wp-content\themes\tension\footer.php on line 24
[12-Jan-2022 16:06:53 UTC] PHP Parse error:  syntax error, unexpected 'version' (T_STRING) in C:\Users\filip\Local Sites\tension\app\public\wp-content\themes\tension\footer.php on line 24
[12-Jan-2022 16:06:54 UTC] PHP Parse error:  syntax error, unexpected 'version' (T_STRING) in C:\Users\filip\Local Sites\tension\app\public\wp-content\themes\tension\footer.php on line 24
[12-Jan-2022 16:06:58 UTC] PHP Parse error:  syntax error, unexpected 'version' (T_STRING) in C:\Users\filip\Local Sites\tension\app\public\wp-content\themes\tension\footer.php on line 24
[12-Jan-2022 16:06:59 UTC] PHP Parse error:  syntax error, unexpected 'version' (T_STRING) in C:\Users\filip\Local Sites\tension\app\public\wp-content\themes\tension\footer.php on line 24
[12-Jan-2022 16:06:59 UTC] PHP Parse error:  syntax error, unexpected 'version' (T_STRING) in C:\Users\filip\Local Sites\tension\app\public\wp-content\themes\tension\footer.php on line 24
[12-Jan-2022 16:07:00 UTC] PHP Parse error:  syntax error, unexpected 'version' (T_STRING) in C:\Users\filip\Local Sites\tension\app\public\wp-content\themes\tension\footer.php on line 24
[12-Jan-2022 16:07:00 UTC] PHP Parse error:  syntax error, unexpected 'version' (T_STRING) in C:\Users\filip\Local Sites\tension\app\public\wp-content\themes\tension\footer.php on line 24
[12-Jan-2022 16:07:46 UTC] PHP Parse error:  syntax error, unexpected 'version' (T_STRING) in C:\Users\filip\Local Sites\tension\app\public\wp-content\themes\tension\footer.php on line 24
[12-Jan-2022 16:07:47 UTC] PHP Parse error:  syntax error, unexpected 'version' (T_STRING) in C:\Users\filip\Local Sites\tension\app\public\wp-content\themes\tension\footer.php on line 24
[12-Jan-2022 16:07:47 UTC] PHP Parse error:  syntax error, unexpected 'version' (T_STRING) in C:\Users\filip\Local Sites\tension\app\public\wp-content\themes\tension\footer.php on line 24
[12-Jan-2022 16:07:48 UTC] PHP Parse error:  syntax error, unexpected 'version' (T_STRING) in C:\Users\filip\Local Sites\tension\app\public\wp-content\themes\tension\footer.php on line 24
[12-Jan-2022 16:07:52 UTC] PHP Parse error:  syntax error, unexpected 'version' (T_STRING) in C:\Users\filip\Local Sites\tension\app\public\wp-content\themes\tension\footer.php on line 24
[12-Jan-2022 16:07:53 UTC] PHP Parse error:  syntax error, unexpected 'version' (T_STRING) in C:\Users\filip\Local Sites\tension\app\public\wp-content\themes\tension\footer.php on line 24
[12-Jan-2022 18:00:16 UTC] PHP Parse error:  syntax error, unexpected end of file, expecting elseif (T_ELSEIF) or else (T_ELSE) or endif (T_ENDIF) in C:\Users\filip\Local Sites\tension\app\public\wp-includes\theme-compat\sidebar.php on line 116
[12-Jan-2022 18:00:22 UTC] PHP Parse error:  syntax error, unexpected end of file, expecting elseif (T_ELSEIF) or else (T_ELSE) or endif (T_ENDIF) in C:\Users\filip\Local Sites\tension\app\public\wp-includes\theme-compat\sidebar.php on line 116
[12-Jan-2022 18:00:23 UTC] PHP Parse error:  syntax error, unexpected end of file, expecting elseif (T_ELSEIF) or else (T_ELSE) or endif (T_ENDIF) in C:\Users\filip\Local Sites\tension\app\public\wp-includes\theme-compat\sidebar.php on line 116
[12-Jan-2022 18:01:41 UTC] PHP Parse error:  syntax error, unexpected 'endif' (T_ENDIF), expecting end of file in C:\Users\filip\Local Sites\tension\app\public\wp-includes\theme-compat\sidebar.php on line 116
[13-Jan-2022 14:46:36 UTC] PHP Parse error:  syntax error, unexpected '*' in C:\Users\filip\Local Sites\tension\app\public\wp-content\themes\tension\template-parts\page\form-send.php on line 19
[13-Jan-2022 15:34:00 UTC] PHP Warning:  Invalid argument supplied for foreach() in C:\Users\filip\Local Sites\tension\app\public\wp-content\themes\tension\header.php on line 33
[13-Jan-2022 15:34:00 UTC] PHP Stack trace:
[13-Jan-2022 15:34:00 UTC] PHP   1. {main}() C:\Users\filip\Local Sites\tension\app\public\index.php:0
[13-Jan-2022 15:34:00 UTC] PHP   2. require() C:\Users\filip\Local Sites\tension\app\public\index.php:17
[13-Jan-2022 15:34:00 UTC] PHP   3. require_once() C:\Users\filip\Local Sites\tension\app\public\wp-blog-header.php:19
[13-Jan-2022 15:34:00 UTC] PHP   4. include() C:\Users\filip\Local Sites\tension\app\public\wp-includes\template-loader.php:106
[13-Jan-2022 15:34:00 UTC] PHP   5. get_header() C:\Users\filip\Local Sites\tension\app\public\wp-content\themes\tension\front-page.php:5
[13-Jan-2022 15:34:00 UTC] PHP   6. locate_template() C:\Users\filip\Local Sites\tension\app\public\wp-includes\general-template.php:48
[13-Jan-2022 15:34:00 UTC] PHP   7. load_template() C:\Users\filip\Local Sites\tension\app\public\wp-includes\template.php:716
[13-Jan-2022 15:34:00 UTC] PHP   8. require_once() C:\Users\filip\Local Sites\tension\app\public\wp-includes\template.php:770
[13-Jan-2022 15:52:36 UTC] PHP Parse error:  syntax error, unexpected 'title' (T_STRING), expecting ',' or ';' in C:\Users\filip\Local Sites\tension\app\public\wp-content\themes\tension\header.php on line 44
[13-Jan-2022 15:53:06 UTC] PHP Parse error:  syntax error, unexpected '$data' (T_VARIABLE), expecting ',' or ';' in C:\Users\filip\Local Sites\tension\app\public\wp-content\themes\tension\header.php on line 44
[13-Jan-2022 15:53:14 UTC] PHP Parse error:  syntax error, unexpected '$data' (T_VARIABLE), expecting ',' or ';' in C:\Users\filip\Local Sites\tension\app\public\wp-content\themes\tension\header.php on line 44
[13-Jan-2022 15:53:15 UTC] PHP Parse error:  syntax error, unexpected '$data' (T_VARIABLE), expecting ',' or ';' in C:\Users\filip\Local Sites\tension\app\public\wp-content\themes\tension\header.php on line 44
[13-Jan-2022 15:53:15 UTC] PHP Parse error:  syntax error, unexpected '$data' (T_VARIABLE), expecting ',' or ';' in C:\Users\filip\Local Sites\tension\app\public\wp-content\themes\tension\header.php on line 44
[13-Jan-2022 15:53:22 UTC] PHP Parse error:  syntax error, unexpected ''">'' (T_CONSTANT_ENCAPSED_STRING), expecting ',' or ';' in C:\Users\filip\Local Sites\tension\app\public\wp-content\themes\tension\header.php on line 44
[14-Jan-2022 15:33:57 UTC] PHP Parse error:  syntax error, unexpected '.' in C:\Users\filip\Local Sites\tension\app\public\wp-content\themes\tension\template-parts\page\topic.php on line 7
[14-Jan-2022 15:33:59 UTC] PHP Parse error:  syntax error, unexpected '.' in C:\Users\filip\Local Sites\tension\app\public\wp-content\themes\tension\template-parts\page\topic.php on line 7
[14-Jan-2022 15:36:19 UTC] PHP Parse error:  syntax error, unexpected '.' in C:\Users\filip\Local Sites\tension\app\public\wp-content\themes\tension\template-parts\page\topic.php on line 9
[14-Jan-2022 15:50:01 UTC] PHP Parse error:  syntax error, unexpected 'echo' (T_ECHO), expecting ',' or ';' in C:\Users\filip\Local Sites\tension\app\public\wp-content\themes\tension\template-parts\page\topic.php on line 29
[14-Jan-2022 15:50:41 UTC] PHP Parse error:  syntax error, unexpected 'echo' (T_ECHO), expecting ',' or ';' in C:\Users\filip\Local Sites\tension\app\public\wp-content\themes\tension\template-parts\page\topic.php on line 11
[14-Jan-2022 15:50:42 UTC] PHP Parse error:  syntax error, unexpected 'echo' (T_ECHO), expecting ',' or ';' in C:\Users\filip\Local Sites\tension\app\public\wp-content\themes\tension\template-parts\page\topic.php on line 11
[14-Jan-2022 17:13:31 UTC] PHP Parse error:  syntax error, unexpected '<', expecting end of file in C:\Users\filip\Local Sites\tension\app\public\wp-content\themes\tension\template-parts\front-page\carousel.php on line 44
[14-Jan-2022 17:43:16 UTC] PHP Warning:  Invalid argument supplied for foreach() in C:\Users\filip\Local Sites\tension\app\public\wp-content\themes\tension\template-parts\front-page\carousel.php on line 18
[14-Jan-2022 17:43:16 UTC] PHP Stack trace:
[14-Jan-2022 17:43:16 UTC] PHP   1. {main}() C:\Users\filip\Local Sites\tension\app\public\index.php:0
[14-Jan-2022 17:43:16 UTC] PHP   2. require() C:\Users\filip\Local Sites\tension\app\public\index.php:17
[14-Jan-2022 17:43:16 UTC] PHP   3. require_once() C:\Users\filip\Local Sites\tension\app\public\wp-blog-header.php:19
[14-Jan-2022 17:43:16 UTC] PHP   4. include() C:\Users\filip\Local Sites\tension\app\public\wp-includes\template-loader.php:106
[14-Jan-2022 17:43:16 UTC] PHP   5. get_template_part() C:\Users\filip\Local Sites\tension\app\public\wp-content\themes\tension\front-page.php:8
[14-Jan-2022 17:43:16 UTC] PHP   6. locate_template() C:\Users\filip\Local Sites\tension\app\public\wp-includes\general-template.php:204
[14-Jan-2022 17:43:16 UTC] PHP   7. load_template() C:\Users\filip\Local Sites\tension\app\public\wp-includes\template.php:716
[14-Jan-2022 17:43:16 UTC] PHP   8. require() C:\Users\filip\Local Sites\tension\app\public\wp-includes\template.php:772
[14-Jan-2022 17:44:21 UTC] PHP Warning:  Invalid argument supplied for foreach() in C:\Users\filip\Local Sites\tension\app\public\wp-content\themes\tension\template-parts\front-page\carousel.php on line 18
[14-Jan-2022 17:44:21 UTC] PHP Stack trace:
[14-Jan-2022 17:44:21 UTC] PHP   1. {main}() C:\Users\filip\Local Sites\tension\app\public\index.php:0
[14-Jan-2022 17:44:21 UTC] PHP   2. require() C:\Users\filip\Local Sites\tension\app\public\index.php:17
[14-Jan-2022 17:44:21 UTC] PHP   3. require_once() C:\Users\filip\Local Sites\tension\app\public\wp-blog-header.php:19
[14-Jan-2022 17:44:21 UTC] PHP   4. include() C:\Users\filip\Local Sites\tension\app\public\wp-includes\template-loader.php:106
[14-Jan-2022 17:44:21 UTC] PHP   5. get_template_part() C:\Users\filip\Local Sites\tension\app\public\wp-content\themes\tension\front-page.php:8
[14-Jan-2022 17:44:21 UTC] PHP   6. locate_template() C:\Users\filip\Local Sites\tension\app\public\wp-includes\general-template.php:204
[14-Jan-2022 17:44:21 UTC] PHP   7. load_template() C:\Users\filip\Local Sites\tension\app\public\wp-includes\template.php:716
[14-Jan-2022 17:44:21 UTC] PHP   8. require() C:\Users\filip\Local Sites\tension\app\public\wp-includes\template.php:772
[14-Jan-2022 17:46:47 UTC] PHP Parse error:  syntax error, unexpected 'if' (T_IF), expecting ',' or ';' in C:\Users\filip\Local Sites\tension\app\public\wp-content\themes\tension\template-parts\front-page\carousel.php on line 27
[14-Jan-2022 17:47:16 UTC] PHP Parse error:  syntax error, unexpected 'if' (T_IF) in C:\Users\filip\Local Sites\tension\app\public\wp-content\themes\tension\template-parts\front-page\carousel.php on line 27
[14-Jan-2022 17:57:53 UTC] PHP Parse error:  syntax error, unexpected 'if' (T_IF), expecting ',' or ';' in C:\Users\filip\Local Sites\tension\app\public\wp-content\themes\tension\template-parts\front-page\carousel.php on line 34
[14-Jan-2022 17:58:10 UTC] PHP Parse error:  syntax error, unexpected 'if' (T_IF) in C:\Users\filip\Local Sites\tension\app\public\wp-content\themes\tension\template-parts\front-page\carousel.php on line 34
[14-Jan-2022 17:58:11 UTC] PHP Parse error:  syntax error, unexpected 'if' (T_IF) in C:\Users\filip\Local Sites\tension\app\public\wp-content\themes\tension\template-parts\front-page\carousel.php on line 34
[14-Jan-2022 18:06:59 UTC] PHP Parse error:  syntax error, unexpected 'if' (T_IF), expecting ',' or ';' in C:\Users\filip\Local Sites\tension\app\public\wp-content\themes\tension\template-parts\front-page\carousel.php on line 29
